18:15:58.056 [main] DEBUG org.apache.poi.openxml4j.opc.PackageRelationshipCollection - Parsing relationship: /xl/_rels/workbook.xml.rels
18:15:58.074 [main] DEBUG org.apache.poi.openxml4j.opc.PackageRelationshipCollection - Parsing relationship: /xl/worksheets/_rels/sheet1.xml.rels
18:15:58.076 [main] DEBUG org.apache.poi.openxml4j.opc.PackageRelationshipCollection - Parsing relationship: /_rels/.rels
18:15:58.132 [main] TRACE org.apache.xmlbeans.impl.common.XBeanDebug - Resolving type for handle stcelltypebf95type
18:15:58.955 [main] INFO  com.change2naturalfoods.userverification.UserVerification - *** Entered Email ID ***
18:15:58.964 [main] DEBUG org.apache.poi.openxml4j.opc.PackageRelationshipCollection - Parsing relationship: /xl/_rels/workbook.xml.rels
18:15:59.202 [main] DEBUG org.apache.poi.openxml4j.opc.PackageRelationshipCollection - Parsing relationship: /xl/worksheets/_rels/sheet1.xml.rels
18:15:59.204 [main] DEBUG org.apache.poi.openxml4j.opc.PackageRelationshipCollection - Parsing relationship: /_rels/.rels
18:15:59.333 [main] INFO  com.change2naturalfoods.userverification.UserVerification - *** Entered password ***
18:16:00.370 [main] INFO  com.change2naturalfoods.userverification.UserVerification - *** Clicked on login button ***
18:16:00.528 [main] DEBUG org.apache.poi.openxml4j.opc.PackageRelationshipCollection - Parsing relationship: /xl/_rels/workbook.xml.rels
18:16:00.530 [main] DEBUG org.apache.poi.openxml4j.opc.PackageRelationshipCollection - Parsing relationship: /xl/worksheets/_rels/sheet1.xml.rels
18:16:00.531 [main] DEBUG org.apache.poi.openxml4j.opc.PackageRelationshipCollection - Parsing relationship: /_rels/.rels
18:16:00.569 [main] TRACE org.apache.xmlbeans.impl.common.XBeanDebug - Resolving type for handle stcellstylexfid70c7type
18:16:00.573 [main] TRACE org.apache.xmlbeans.impl.common.XBeanDebug - Resolving type for handle ctsheetdimensiond310type
18:16:00.594 [main] TRACE org.apache.xmlbeans.impl.common.XBeanDebug - Resolving type for handle stref90a2type
18:16:00.628 [main] TRACE org.apache.xmlbeans.impl.common.XBeanDebug - Resolving type for handle ctnumfmtsb58btype
18:16:00.652 [main] TRACE org.apache.xmlbeans.impl.common.XBeanDebug - Resolving type for handle propertiesee84doctype
18:16:00.657 [main] TRACE org.apache.xmlbeans.impl.common.XBeanDebug - Resolving type for handle ctproperties3f10type
18:16:00.672 [main] TRACE org.apache.xmlbeans.impl.common.XBeanDebug - Resolving type for handle properties288cdoctype
18:16:00.674 [main] TRACE org.apache.xmlbeans.impl.common.XBeanDebug - Resolving type for handle ctproperties2c18type
18:16:00.703 [main] DEBUG org.apache.poi.openxml4j.opc.ZipPackage - Save content types part
18:16:00.798 [main] DEBUG org.apache.poi.openxml4j.opc.ZipPackage - Save package relationships
18:16:00.805 [main] DEBUG org.apache.poi.openxml4j.opc.ZipPackage - Save part 'docProps/app.xml'
18:16:00.806 [main] DEBUG org.apache.poi.openxml4j.opc.ZipPackage - Save part 'docProps/core.xml'
18:16:00.812 [main] DEBUG org.apache.poi.openxml4j.opc.ZipPackage - Save part 'xl/sharedStrings.xml'
18:16:00.812 [main] DEBUG org.apache.poi.openxml4j.opc.ZipPackage - Save part 'xl/styles.xml'
18:16:00.812 [main] DEBUG org.apache.poi.openxml4j.opc.ZipPackage - Save part 'xl/theme/theme1.xml'
18:16:00.813 [main] DEBUG org.apache.poi.openxml4j.opc.ZipPackage - Save part 'xl/workbook.xml'
18:16:00.817 [main] DEBUG org.apache.poi.openxml4j.opc.ZipPackage - Save part 'xl/worksheets/sheet1.xml'
18:16:00.841 [main] DEBUG org.apache.poi.openxml4j.opc.PackageRelationshipCollection - Parsing relationship: /xl/_rels/workbook.xml.rels
18:16:00.842 [main] DEBUG org.apache.poi.openxml4j.opc.PackageRelationshipCollection - Parsing relationship: /xl/worksheets/_rels/sheet1.xml.rels
18:16:00.844 [main] DEBUG org.apache.poi.openxml4j.opc.PackageRelationshipCollection - Parsing relationship: /_rels/.rels
18:16:00.867 [main] TRACE org.apache.xmlbeans.impl.common.XBeanDebug - Resolving type for handle stnumfmtid76fbtype
18:16:00.870 [main] TRACE org.apache.xmlbeans.impl.common.XBeanDebug - Resolving type for handle stfontid9d63type
18:16:00.873 [main] TRACE org.apache.xmlbeans.impl.common.XBeanDebug - Resolving type for handle stfillida097type
18:16:00.876 [main] TRACE org.apache.xmlbeans.impl.common.XBeanDebug - Resolving type for handle stborderid1a80type
18:16:00.879 [main] TRACE org.apache.xmlbeans.impl.common.XBeanDebug - Resolving type for handle ctcolord2c2type
18:16:00.884 [main] TRACE org.apache.xmlbeans.impl.common.XBeanDebug - Resolving type for handle ctpatternfill7452type
18:16:00.889 [main] TRACE org.apache.xmlbeans.impl.common.XBeanDebug - Resolving type for handle stpatterntype7939type
18:16:00.903 [main] DEBUG org.apache.poi.openxml4j.opc.ZipPackage - Save content types part
18:16:00.905 [main] DEBUG org.apache.poi.openxml4j.opc.ZipPackage - Save package relationships
18:16:00.907 [main] DEBUG org.apache.poi.openxml4j.opc.ZipPackage - Save part 'docProps/app.xml'
18:16:00.908 [main] DEBUG org.apache.poi.openxml4j.opc.ZipPackage - Save part 'docProps/core.xml'
18:16:00.911 [main] DEBUG org.apache.poi.openxml4j.opc.ZipPackage - Save part 'xl/sharedStrings.xml'
18:16:00.911 [main] DEBUG org.apache.poi.openxml4j.opc.ZipPackage - Save part 'xl/styles.xml'
18:16:00.912 [main] DEBUG org.apache.poi.openxml4j.opc.ZipPackage - Save part 'xl/theme/theme1.xml'
18:16:00.913 [main] DEBUG org.apache.poi.openxml4j.opc.ZipPackage - Save part 'xl/workbook.xml'
18:16:00.915 [main] DEBUG org.apache.poi.openxml4j.opc.ZipPackage - Save part 'xl/worksheets/sheet1.xml'
18:16:00.932 [main] DEBUG org.apache.poi.openxml4j.opc.PackageRelationshipCollection - Parsing relationship: /xl/_rels/workbook.xml.rels
18:16:00.934 [main] DEBUG org.apache.poi.openxml4j.opc.PackageRelationshipCollection - Parsing relationship: /xl/worksheets/_rels/sheet1.xml.rels
18:16:00.935 [main] DEBUG org.apache.poi.openxml4j.opc.PackageRelationshipCollection - Parsing relationship: /_rels/.rels
18:16:00.968 [main] DEBUG org.apache.poi.openxml4j.opc.ZipPackage - Save content types part
18:16:00.970 [main] DEBUG org.apache.poi.openxml4j.opc.ZipPackage - Save package relationships
18:16:00.974 [main] DEBUG org.apache.poi.openxml4j.opc.ZipPackage - Save part 'docProps/app.xml'
18:16:00.974 [main] DEBUG org.apache.poi.openxml4j.opc.ZipPackage - Save part 'docProps/core.xml'
18:16:00.976 [main] DEBUG org.apache.poi.openxml4j.opc.ZipPackage - Save part 'xl/sharedStrings.xml'
18:16:00.976 [main] DEBUG org.apache.poi.openxml4j.opc.ZipPackage - Save part 'xl/styles.xml'
18:16:00.977 [main] DEBUG org.apache.poi.openxml4j.opc.ZipPackage - Save part 'xl/theme/theme1.xml'
18:16:00.977 [main] DEBUG org.apache.poi.openxml4j.opc.ZipPackage - Save part 'xl/workbook.xml'
18:16:00.979 [main] DEBUG org.apache.poi.openxml4j.opc.ZipPackage - Save part 'xl/worksheets/sheet1.xml'
14:34:25.355 [main] DEBUG com.change2naturalfoods.userverification.UserVerification - application logs.........
14:34:25.366 [main] INFO  com.change2naturalfoods.userverification.UserVerification - *** Starting test ****
14:34:25.915 [main] DEBUG org.apache.poi.openxml4j.opc.PackageRelationshipCollection - Parsing relationship: /xl/_rels/workbook.xml.rels
14:34:25.922 [main] DEBUG org.apache.poi.openxml4j.opc.PackageRelationshipCollection - Parsing relationship: /xl/worksheets/_rels/sheet1.xml.rels
14:34:25.924 [main] DEBUG org.apache.poi.openxml4j.opc.PackageRelationshipCollection - Parsing relationship: /_rels/.rels
14:34:26.535 [main] TRACE org.apache.xmlbeans.impl.common.XBeanDebug - Loading type system org.apache.poi.schemas.ooxml.system.ooxml
14:34:26.544 [main] TRACE org.apache.xmlbeans.impl.common.XBeanDebug - Loading type system org.apache.xmlbeans.metadata.system.sXMLCONFIG
14:34:26.546 [main] TRACE org.apache.xmlbeans.impl.common.XBeanDebug - Loading type system org.apache.xmlbeans.metadata.system.sXMLLANG
14:34:26.547 [main] TRACE org.apache.xmlbeans.impl.common.XBeanDebug - Loading type system org.apache.xmlbeans.metadata.system.sXMLSCHEMA
14:34:26.549 [main] TRACE org.apache.xmlbeans.impl.common.XBeanDebug - Loading type system org.apache.xmlbeans.metadata.system.sXMLTOOLS
14:34:26.553 [main] TRACE org.apache.xmlbeans.impl.common.XBeanDebug - Reading unresolved handles for type system org.apache.xmlbeans.metadata.system.sXMLTOOLS
14:34:26.593 [main] TRACE org.apache.xmlbeans.impl.common.XBeanDebug - Finished loading type system org.apache.xmlbeans.metadata.system.sXMLTOOLS
14:34:26.596 [main] TRACE org.apache.xmlbeans.impl.common.XBeanDebug - Reading unresolved handles for type system org.apache.xmlbeans.metadata.system.sXMLSCHEMA
14:34:26.606 [main] TRACE org.apache.xmlbeans.impl.common.XBeanDebug - Finished loading type system org.apache.xmlbeans.metadata.system.sXMLSCHEMA
14:34:26.626 [main] TRACE org.apache.xmlbeans.impl.common.XBeanDebug - Reading unresolved handles for type system org.apache.xmlbeans.metadata.system.sXMLLANG
14:34:26.628 [main] TRACE org.apache.xmlbeans.impl.common.XBeanDebug - Finished loading type system org.apache.xmlbeans.metadata.system.sXMLLANG
14:34:26.630 [main] TRACE org.apache.xmlbeans.impl.common.XBeanDebug - Reading unresolved handles for type system org.apache.xmlbeans.metadata.system.sXMLCONFIG
14:34:26.633 [main] TRACE org.apache.xmlbeans.impl.common.XBeanDebug - Finished loading type system org.apache.xmlbeans.metadata.system.sXMLCONFIG
14:34:26.635 [main] TRACE org.apache.xmlbeans.impl.common.XBeanDebug - Reading unresolved handles for type system org.apache.poi.schemas.ooxml.system.ooxml
14:34:26.742 [main] TRACE org.apache.xmlbeans.impl.common.XBeanDebug - Finished loading type system org.apache.poi.schemas.ooxml.system.ooxml
14:34:26.744 [main] TRACE org.apache.xmlbeans.impl.common.XBeanDebug - Resolving type for handle themefd26doctype
14:34:26.945 [main] TRACE org.apache.xmlbeans.impl.common.XBeanDebug - Resolving type for handle stylesheet5d8bdoctype
14:34:26.962 [main] TRACE org.apache.xmlbeans.impl.common.XBeanDebug - Resolving type for handle ctstylesheet4257type
14:34:26.980 [main] TRACE org.apache.xmlbeans.impl.common.XBeanDebug - Resolving type for handle ctnumfmtsb58btype
14:34:26.992 [main] TRACE org.apache.xmlbeans.impl.common.XBeanDebug - Resolving type for handle ctfonts6623type
14:34:27.004 [main] TRACE org.apache.xmlbeans.impl.common.XBeanDebug - Resolving type for handle ctfont14d8type
14:34:27.023 [main] TRACE org.apache.xmlbeans.impl.common.XBeanDebug - Resolving type for handle ctfills2c6ftype
14:34:27.030 [main] TRACE org.apache.xmlbeans.impl.common.XBeanDebug - Resolving type for handle ctfill550ctype
14:34:27.037 [main] TRACE org.apache.xmlbeans.impl.common.XBeanDebug - Resolving type for handle ctborders0d66type
14:34:27.046 [main] TRACE org.apache.xmlbeans.impl.common.XBeanDebug - Resolving type for handle ctborderf935type
14:34:27.060 [main] TRACE org.apache.xmlbeans.impl.common.XBeanDebug - Resolving type for handle ctcellxfs1322type
14:34:27.074 [main] TRACE org.apache.xmlbeans.impl.common.XBeanDebug - Resolving type for handle ctxf97f7type
14:34:27.084 [main] TRACE org.apache.xmlbeans.impl.common.XBeanDebug - Resolving type for handle ctcellstylexfsa81ftype
14:34:27.091 [main] TRACE org.apache.xmlbeans.impl.common.XBeanDebug - Resolving type for handle ctdxfsb26atype
14:34:27.099 [main] TRACE org.apache.xmlbeans.impl.common.XBeanDebug - Resolving type for handle cttablestyles872ftype
14:34:27.112 [main] TRACE org.apache.xmlbeans.impl.common.XBeanDebug - Resolving type for handle sstf81fdoctype
14:34:27.121 [main] TRACE org.apache.xmlbeans.impl.common.XBeanDebug - Resolving type for handle ctsst44f3type
14:34:27.154 [main] TRACE org.apache.xmlbeans.impl.common.XBeanDebug - Resolving type for handle ctrsta472type
14:34:27.211 [main] TRACE org.apache.xmlbeans.impl.common.XBeanDebug - Resolving type for handle workbookec17doctype
14:34:27.223 [main] TRACE org.apache.xmlbeans.impl.common.XBeanDebug - Resolving type for handle ctworkbook83c3type
14:34:27.240 [main] TRACE org.apache.xmlbeans.impl.common.XBeanDebug - Resolving type for handle ctsheets49fdtype
14:34:27.249 [main] TRACE org.apache.xmlbeans.impl.common.XBeanDebug - Resolving type for handle ctsheet4dbetype
14:34:27.256 [main] TRACE org.apache.xmlbeans.impl.common.XBeanDebug - Resolving type for handle strelationshipid1e94type
14:34:27.265 [main] TRACE org.apache.xmlbeans.impl.common.XBeanDebug - Resolving type for handle worksheetf539doctype
14:34:27.277 [main] TRACE org.apache.xmlbeans.impl.common.XBeanDebug - Resolving type for handle ctworksheet530dtype
14:34:27.307 [main] TRACE org.apache.xmlbeans.impl.common.XBeanDebug - Resolving type for handle ctcols627ctype
14:34:27.325 [main] TRACE org.apache.xmlbeans.impl.common.XBeanDebug - Resolving type for handle ctcola95ftype
14:34:27.372 [main] TRACE org.apache.xmlbeans.impl.common.XBeanDebug - Resolving type for handle ctsheetdata8408type
14:34:27.383 [main] TRACE org.apache.xmlbeans.impl.common.XBeanDebug - Resolving type for handle ctrowdd39type
14:34:27.399 [main] TRACE org.apache.xmlbeans.impl.common.XBeanDebug - Resolving type for handle ctcell842btype
14:34:27.428 [main] TRACE org.apache.xmlbeans.impl.common.XBeanDebug - Resolving type for handle stcellrefe4e0type
14:34:27.444 [main] TRACE org.apache.xmlbeans.impl.common.XBeanDebug - Resolving type for handle cthyperlinks6416type
14:34:27.454 [main] TRACE org.apache.xmlbeans.impl.common.XBeanDebug - Resolving type for handle cthyperlink0c85type
14:34:27.483 [main] TRACE org.apache.xmlbeans.impl.common.XBeanDebug - Resolving type for handle stxstringf179type
14:34:41.336 [main] DEBUG org.apache.poi.openxml4j.opc.PackageRelationshipCollection - Parsing relationship: /xl/_rels/workbook.xml.rels
14:34:41.338 [main] DEBUG org.apache.poi.openxml4j.opc.PackageRelationshipCollection - Parsing relationship: /xl/worksheets/_rels/sheet1.xml.rels
14:34:41.341 [main] DEBUG org.apache.poi.openxml4j.opc.PackageRelationshipCollection - Parsing relationship: /_rels/.rels
14:34:41.451 [main] TRACE org.apache.xmlbeans.impl.common.XBeanDebug - Resolving type for handle stcelltypebf95type
14:34:42.463 [main] INFO  com.change2naturalfoods.userverification.UserVerification - *** Entered Email ID ***
14:34:42.481 [main] DEBUG org.apache.poi.openxml4j.opc.PackageRelationshipCollection - Parsing relationship: /xl/_rels/workbook.xml.rels
14:34:42.484 [main] DEBUG org.apache.poi.openxml4j.opc.PackageRelationshipCollection - Parsing relationship: /xl/worksheets/_rels/sheet1.xml.rels
14:34:42.487 [main] DEBUG org.apache.poi.openxml4j.opc.PackageRelationshipCollection - Parsing relationship: /_rels/.rels
14:34:42.679 [main] INFO  com.change2naturalfoods.userverification.UserVerification - *** Entered password ***
14:34:44.166 [main] INFO  com.change2naturalfoods.userverification.UserVerification - *** Clicked on login button ***
14:34:44.264 [main] DEBUG org.apache.poi.openxml4j.opc.PackageRelationshipCollection - Parsing relationship: /xl/_rels/workbook.xml.rels
14:34:44.266 [main] DEBUG org.apache.poi.openxml4j.opc.PackageRelationshipCollection - Parsing relationship: /xl/worksheets/_rels/sheet1.xml.rels
14:34:44.267 [main] DEBUG org.apache.poi.openxml4j.opc.PackageRelationshipCollection - Parsing relationship: /_rels/.rels
14:34:44.321 [main] TRACE org.apache.xmlbeans.impl.common.XBeanDebug - Resolving type for handle stcellstylexfid70c7type
14:34:44.332 [main] TRACE org.apache.xmlbeans.impl.common.XBeanDebug - Resolving type for handle ctsheetdimensiond310type
14:34:44.338 [main] TRACE org.apache.xmlbeans.impl.common.XBeanDebug - Resolving type for handle stref90a2type
14:34:44.371 [main] TRACE org.apache.xmlbeans.impl.common.XBeanDebug - Resolving type for handle propertiesee84doctype
14:34:44.376 [main] TRACE org.apache.xmlbeans.impl.common.XBeanDebug - Resolving type for handle ctproperties3f10type
14:34:44.391 [main] TRACE org.apache.xmlbeans.impl.common.XBeanDebug - Resolving type for handle properties288cdoctype
14:34:44.394 [main] TRACE org.apache.xmlbeans.impl.common.XBeanDebug - Resolving type for handle ctproperties2c18type
14:34:44.426 [main] DEBUG org.apache.poi.openxml4j.opc.ZipPackage - Save content types part
14:34:44.587 [main] DEBUG org.apache.poi.openxml4j.opc.ZipPackage - Save package relationships
14:34:44.598 [main] DEBUG org.apache.poi.openxml4j.opc.ZipPackage - Save part 'docProps/app.xml'
14:34:44.599 [main] DEBUG org.apache.poi.openxml4j.opc.ZipPackage - Save part 'docProps/core.xml'
14:34:44.605 [main] DEBUG org.apache.poi.openxml4j.opc.ZipPackage - Save part 'xl/sharedStrings.xml'
14:34:44.606 [main] DEBUG org.apache.poi.openxml4j.opc.ZipPackage - Save part 'xl/styles.xml'
14:34:44.607 [main] DEBUG org.apache.poi.openxml4j.opc.ZipPackage - Save part 'xl/theme/theme1.xml'
14:34:44.608 [main] DEBUG org.apache.poi.openxml4j.opc.ZipPackage - Save part 'xl/workbook.xml'
14:34:44.612 [main] DEBUG org.apache.poi.openxml4j.opc.ZipPackage - Save part 'xl/worksheets/sheet1.xml'
14:34:44.629 [main] DEBUG org.apache.poi.openxml4j.opc.PackageRelationshipCollection - Parsing relationship: /xl/_rels/workbook.xml.rels
14:34:44.631 [main] DEBUG org.apache.poi.openxml4j.opc.PackageRelationshipCollection - Parsing relationship: /xl/worksheets/_rels/sheet1.xml.rels
14:34:44.632 [main] DEBUG org.apache.poi.openxml4j.opc.PackageRelationshipCollection - Parsing relationship: /_rels/.rels
14:34:44.667 [main] TRACE org.apache.xmlbeans.impl.common.XBeanDebug - Resolving type for handle stnumfmtid76fbtype
14:34:44.672 [main] TRACE org.apache.xmlbeans.impl.common.XBeanDebug - Resolving type for handle stfontid9d63type
14:34:44.676 [main] TRACE org.apache.xmlbeans.impl.common.XBeanDebug - Resolving type for handle stfillida097type
14:34:44.680 [main] TRACE org.apache.xmlbeans.impl.common.XBeanDebug - Resolving type for handle stborderid1a80type
14:34:44.687 [main] TRACE org.apache.xmlbeans.impl.common.XBeanDebug - Resolving type for handle ctcolord2c2type
14:34:44.696 [main] TRACE org.apache.xmlbeans.impl.common.XBeanDebug - Resolving type for handle ctpatternfill7452type
14:34:44.704 [main] TRACE org.apache.xmlbeans.impl.common.XBeanDebug - Resolving type for handle stpatterntype7939type
14:34:44.731 [main] DEBUG org.apache.poi.openxml4j.opc.ZipPackage - Save content types part
14:34:44.734 [main] DEBUG org.apache.poi.openxml4j.opc.ZipPackage - Save package relationships
14:34:44.737 [main] DEBUG org.apache.poi.openxml4j.opc.ZipPackage - Save part 'docProps/app.xml'
14:34:44.738 [main] DEBUG org.apache.poi.openxml4j.opc.ZipPackage - Save part 'docProps/core.xml'
14:34:44.740 [main] DEBUG org.apache.poi.openxml4j.opc.ZipPackage - Save part 'xl/sharedStrings.xml'
14:34:44.741 [main] DEBUG org.apache.poi.openxml4j.opc.ZipPackage - Save part 'xl/styles.xml'
14:34:44.742 [main] DEBUG org.apache.poi.openxml4j.opc.ZipPackage - Save part 'xl/theme/theme1.xml'
14:34:44.743 [main] DEBUG org.apache.poi.openxml4j.opc.ZipPackage - Save part 'xl/workbook.xml'
14:34:44.745 [main] DEBUG org.apache.poi.openxml4j.opc.ZipPackage - Save part 'xl/worksheets/sheet1.xml'
14:34:44.759 [main] DEBUG org.apache.poi.openxml4j.opc.PackageRelationshipCollection - Parsing relationship: /xl/_rels/workbook.xml.rels
14:34:44.761 [main] DEBUG org.apache.poi.openxml4j.opc.PackageRelationshipCollection - Parsing relationship: /xl/worksheets/_rels/sheet1.xml.rels
14:34:44.762 [main] DEBUG org.apache.poi.openxml4j.opc.PackageRelationshipCollection - Parsing relationship: /_rels/.rels
14:34:44.796 [main] DEBUG org.apache.poi.openxml4j.opc.ZipPackage - Save content types part
14:34:44.799 [main] DEBUG org.apache.poi.openxml4j.opc.ZipPackage - Save package relationships
14:34:44.801 [main] DEBUG org.apache.poi.openxml4j.opc.ZipPackage - Save part 'docProps/app.xml'
14:34:44.801 [main] DEBUG org.apache.poi.openxml4j.opc.ZipPackage - Save part 'docProps/core.xml'
14:34:44.804 [main] DEBUG org.apache.poi.openxml4j.opc.ZipPackage - Save part 'xl/sharedStrings.xml'
14:34:44.805 [main] DEBUG org.apache.poi.openxml4j.opc.ZipPackage - Save part 'xl/styles.xml'
14:34:44.806 [main] DEBUG org.apache.poi.openxml4j.opc.ZipPackage - Save part 'xl/theme/theme1.xml'
14:34:44.807 [main] DEBUG org.apache.poi.openxml4j.opc.ZipPackage - Save part 'xl/workbook.xml'
14:34:44.811 [main] DEBUG org.apache.poi.openxml4j.opc.ZipPackage - Save part 'xl/worksheets/sheet1.xml'
14:35:25.680 [main] DEBUG com.change2naturalfoods.userverification.UserVerification - application logs.........
14:35:25.691 [main] INFO  com.change2naturalfoods.userverification.UserVerification - *** Starting test ****
14:35:26.127 [main] DEBUG org.apache.poi.openxml4j.opc.PackageRelationshipCollection - Parsing relationship: /xl/_rels/workbook.xml.rels
14:35:26.132 [main] DEBUG org.apache.poi.openxml4j.opc.PackageRelationshipCollection - Parsing relationship: /xl/worksheets/_rels/sheet1.xml.rels
14:35:26.134 [main] DEBUG org.apache.poi.openxml4j.opc.PackageRelationshipCollection - Parsing relationship: /_rels/.rels
14:35:26.672 [main] TRACE org.apache.xmlbeans.impl.common.XBeanDebug - Loading type system org.apache.poi.schemas.ooxml.system.ooxml
14:35:26.680 [main] TRACE org.apache.xmlbeans.impl.common.XBeanDebug - Loading type system org.apache.xmlbeans.metadata.system.sXMLCONFIG
14:35:26.681 [main] TRACE org.apache.xmlbeans.impl.common.XBeanDebug - Loading type system org.apache.xmlbeans.metadata.system.sXMLLANG
14:35:26.682 [main] TRACE org.apache.xmlbeans.impl.common.XBeanDebug - Loading type system org.apache.xmlbeans.metadata.system.sXMLSCHEMA
14:35:26.683 [main] TRACE org.apache.xmlbeans.impl.common.XBeanDebug - Loading type system org.apache.xmlbeans.metadata.system.sXMLTOOLS
14:35:26.686 [main] TRACE org.apache.xmlbeans.impl.common.XBeanDebug - Reading unresolved handles for type system org.apache.xmlbeans.metadata.system.sXMLTOOLS
14:35:26.717 [main] TRACE org.apache.xmlbeans.impl.common.XBeanDebug - Finished loading type system org.apache.xmlbeans.metadata.system.sXMLTOOLS
14:35:26.719 [main] TRACE org.apache.xmlbeans.impl.common.XBeanDebug - Reading unresolved handles for type system org.apache.xmlbeans.metadata.system.sXMLSCHEMA
14:35:26.728 [main] TRACE org.apache.xmlbeans.impl.common.XBeanDebug - Finished loading type system org.apache.xmlbeans.metadata.system.sXMLSCHEMA
14:35:26.731 [main] TRACE org.apache.xmlbeans.impl.common.XBeanDebug - Reading unresolved handles for type system org.apache.xmlbeans.metadata.system.sXMLLANG
14:35:26.733 [main] TRACE org.apache.xmlbeans.impl.common.XBeanDebug - Finished loading type system org.apache.xmlbeans.metadata.system.sXMLLANG
14:35:26.736 [main] TRACE org.apache.xmlbeans.impl.common.XBeanDebug - Reading unresolved handles for type system org.apache.xmlbeans.metadata.system.sXMLCONFIG
14:35:26.738 [main] TRACE org.apache.xmlbeans.impl.common.XBeanDebug - Finished loading type system org.apache.xmlbeans.metadata.system.sXMLCONFIG
14:35:26.740 [main] TRACE org.apache.xmlbeans.impl.common.XBeanDebug - Reading unresolved handles for type system org.apache.poi.schemas.ooxml.system.ooxml
14:35:26.873 [main] TRACE org.apache.xmlbeans.impl.common.XBeanDebug - Finished loading type system org.apache.poi.schemas.ooxml.system.ooxml
14:35:26.875 [main] TRACE org.apache.xmlbeans.impl.common.XBeanDebug - Resolving type for handle themefd26doctype
14:35:27.038 [main] TRACE org.apache.xmlbeans.impl.common.XBeanDebug - Resolving type for handle stylesheet5d8bdoctype
14:35:27.051 [main] TRACE org.apache.xmlbeans.impl.common.XBeanDebug - Resolving type for handle ctstylesheet4257type
14:35:27.068 [main] TRACE org.apache.xmlbeans.impl.common.XBeanDebug - Resolving type for handle ctnumfmtsb58btype
14:35:27.077 [main] TRACE org.apache.xmlbeans.impl.common.XBeanDebug - Resolving type for handle ctfonts6623type
14:35:27.085 [main] TRACE org.apache.xmlbeans.impl.common.XBeanDebug - Resolving type for handle ctfont14d8type
14:35:27.101 [main] TRACE org.apache.xmlbeans.impl.common.XBeanDebug - Resolving type for handle ctfills2c6ftype
14:35:27.110 [main] TRACE org.apache.xmlbeans.impl.common.XBeanDebug - Resolving type for handle ctfill550ctype
14:35:27.115 [main] TRACE org.apache.xmlbeans.impl.common.XBeanDebug - Resolving type for handle ctborders0d66type
14:35:27.122 [main] TRACE org.apache.xmlbeans.impl.common.XBeanDebug - Resolving type for handle ctborderf935type
14:35:27.135 [main] TRACE org.apache.xmlbeans.impl.common.XBeanDebug - Resolving type for handle ctcellxfs1322type
14:35:27.147 [main] TRACE org.apache.xmlbeans.impl.common.XBeanDebug - Resolving type for handle ctxf97f7type
14:35:27.160 [main] TRACE org.apache.xmlbeans.impl.common.XBeanDebug - Resolving type for handle ctcellstylexfsa81ftype
14:35:27.166 [main] TRACE org.apache.xmlbeans.impl.common.XBeanDebug - Resolving type for handle ctdxfsb26atype
14:35:27.176 [main] TRACE org.apache.xmlbeans.impl.common.XBeanDebug - Resolving type for handle cttablestyles872ftype
14:35:27.187 [main] TRACE org.apache.xmlbeans.impl.common.XBeanDebug - Resolving type for handle sstf81fdoctype
14:35:27.200 [main] TRACE org.apache.xmlbeans.impl.common.XBeanDebug - Resolving type for handle ctsst44f3type
14:35:27.225 [main] TRACE org.apache.xmlbeans.impl.common.XBeanDebug - Resolving type for handle ctrsta472type
14:35:27.264 [main] TRACE org.apache.xmlbeans.impl.common.XBeanDebug - Resolving type for handle workbookec17doctype
14:35:27.274 [main] TRACE org.apache.xmlbeans.impl.common.XBeanDebug - Resolving type for handle ctworkbook83c3type
14:35:27.287 [main] TRACE org.apache.xmlbeans.impl.common.XBeanDebug - Resolving type for handle ctsheets49fdtype
14:35:27.294 [main] TRACE org.apache.xmlbeans.impl.common.XBeanDebug - Resolving type for handle ctsheet4dbetype
14:35:27.299 [main] TRACE org.apache.xmlbeans.impl.common.XBeanDebug - Resolving type for handle strelationshipid1e94type
14:35:27.306 [main] TRACE org.apache.xmlbeans.impl.common.XBeanDebug - Resolving type for handle worksheetf539doctype
14:35:27.315 [main] TRACE org.apache.xmlbeans.impl.common.XBeanDebug - Resolving type for handle ctworksheet530dtype
14:35:27.336 [main] TRACE org.apache.xmlbeans.impl.common.XBeanDebug - Resolving type for handle ctcols627ctype
14:35:27.346 [main] TRACE org.apache.xmlbeans.impl.common.XBeanDebug - Resolving type for handle ctcola95ftype
14:35:27.386 [main] TRACE org.apache.xmlbeans.impl.common.XBeanDebug - Resolving type for handle ctsheetdata8408type
14:35:27.394 [main] TRACE org.apache.xmlbeans.impl.common.XBeanDebug - Resolving type for handle ctrowdd39type
14:35:27.408 [main] TRACE org.apache.xmlbeans.impl.common.XBeanDebug - Resolving type for handle ctcell842btype
14:35:27.433 [main] TRACE org.apache.xmlbeans.impl.common.XBeanDebug - Resolving type for handle stcellrefe4e0type
14:35:27.451 [main] TRACE org.apache.xmlbeans.impl.common.XBeanDebug - Resolving type for handle cthyperlinks6416type
14:35:27.460 [main] TRACE org.apache.xmlbeans.impl.common.XBeanDebug - Resolving type for handle cthyperlink0c85type
14:35:27.479 [main] TRACE org.apache.xmlbeans.impl.common.XBeanDebug - Resolving type for handle stxstringf179type
14:35:28.242 [main] DEBUG org.apache.poi.openxml4j.opc.PackageRelationshipCollection - Parsing relationship: /xl/_rels/workbook.xml.rels
14:35:28.245 [main] DEBUG org.apache.poi.openxml4j.opc.PackageRelationshipCollection - Parsing relationship: /xl/worksheets/_rels/sheet1.xml.rels
14:35:28.246 [main] DEBUG org.apache.poi.openxml4j.opc.PackageRelationshipCollection - Parsing relationship: /_rels/.rels
14:35:28.308 [main] TRACE org.apache.xmlbeans.impl.common.XBeanDebug - Resolving type for handle stcelltypebf95type
14:35:29.661 [main] INFO  com.change2naturalfoods.userverification.UserVerification - *** Entered Email ID ***
14:35:29.674 [main] DEBUG org.apache.poi.openxml4j.opc.PackageRelationshipCollection - Parsing relationship: /xl/_rels/workbook.xml.rels
14:35:29.676 [main] DEBUG org.apache.poi.openxml4j.opc.PackageRelationshipCollection - Parsing relationship: /xl/worksheets/_rels/sheet1.xml.rels
14:35:29.678 [main] DEBUG org.apache.poi.openxml4j.opc.PackageRelationshipCollection - Parsing relationship: /_rels/.rels
14:35:29.858 [main] INFO  com.change2naturalfoods.userverification.UserVerification - *** Entered password ***
14:35:31.832 [main] INFO  com.change2naturalfoods.userverification.UserVerification - *** Clicked on login button ***
14:35:32.024 [main] DEBUG org.apache.poi.openxml4j.opc.PackageRelationshipCollection - Parsing relationship: /xl/_rels/workbook.xml.rels
14:35:32.026 [main] DEBUG org.apache.poi.openxml4j.opc.PackageRelationshipCollection - Parsing relationship: /xl/worksheets/_rels/sheet1.xml.rels
14:35:32.028 [main] DEBUG org.apache.poi.openxml4j.opc.PackageRelationshipCollection - Parsing relationship: /_rels/.rels
14:35:32.087 [main] TRACE org.apache.xmlbeans.impl.common.XBeanDebug - Resolving type for handle stcellstylexfid70c7type
14:35:32.099 [main] TRACE org.apache.xmlbeans.impl.common.XBeanDebug - Resolving type for handle ctsheetdimensiond310type
14:35:32.105 [main] TRACE org.apache.xmlbeans.impl.common.XBeanDebug - Resolving type for handle stref90a2type
14:35:32.139 [main] TRACE org.apache.xmlbeans.impl.common.XBeanDebug - Resolving type for handle propertiesee84doctype
14:35:32.143 [main] TRACE org.apache.xmlbeans.impl.common.XBeanDebug - Resolving type for handle ctproperties3f10type
14:35:32.155 [main] TRACE org.apache.xmlbeans.impl.common.XBeanDebug - Resolving type for handle properties288cdoctype
14:35:32.159 [main] TRACE org.apache.xmlbeans.impl.common.XBeanDebug - Resolving type for handle ctproperties2c18type
14:35:32.186 [main] DEBUG org.apache.poi.openxml4j.opc.ZipPackage - Save content types part
14:35:32.355 [main] DEBUG org.apache.poi.openxml4j.opc.ZipPackage - Save package relationships
14:35:32.365 [main] DEBUG org.apache.poi.openxml4j.opc.ZipPackage - Save part 'docProps/app.xml'
14:35:32.366 [main] DEBUG org.apache.poi.openxml4j.opc.ZipPackage - Save part 'docProps/core.xml'
14:35:32.373 [main] DEBUG org.apache.poi.openxml4j.opc.ZipPackage - Save part 'xl/sharedStrings.xml'
14:35:32.374 [main] DEBUG org.apache.poi.openxml4j.opc.ZipPackage - Save part 'xl/styles.xml'
14:35:32.375 [main] DEBUG org.apache.poi.openxml4j.opc.ZipPackage - Save part 'xl/theme/theme1.xml'
14:35:32.377 [main] DEBUG org.apache.poi.openxml4j.opc.ZipPackage - Save part 'xl/workbook.xml'
14:35:32.380 [main] DEBUG org.apache.poi.openxml4j.opc.ZipPackage - Save part 'xl/worksheets/sheet1.xml'
14:35:32.402 [main] DEBUG org.apache.poi.openxml4j.opc.PackageRelationshipCollection - Parsing relationship: /xl/_rels/workbook.xml.rels
14:35:32.404 [main] DEBUG org.apache.poi.openxml4j.opc.PackageRelationshipCollection - Parsing relationship: /xl/worksheets/_rels/sheet1.xml.rels
14:35:32.406 [main] DEBUG org.apache.poi.openxml4j.opc.PackageRelationshipCollection - Parsing relationship: /_rels/.rels
14:35:32.440 [main] TRACE org.apache.xmlbeans.impl.common.XBeanDebug - Resolving type for handle stnumfmtid76fbtype
14:35:32.446 [main] TRACE org.apache.xmlbeans.impl.common.XBeanDebug - Resolving type for handle stfontid9d63type
14:35:32.451 [main] TRACE org.apache.xmlbeans.impl.common.XBeanDebug - Resolving type for handle stfillida097type
14:35:32.464 [main] TRACE org.apache.xmlbeans.impl.common.XBeanDebug - Resolving type for handle stborderid1a80type
14:35:32.471 [main] TRACE org.apache.xmlbeans.impl.common.XBeanDebug - Resolving type for handle ctcolord2c2type
14:35:32.480 [main] TRACE org.apache.xmlbeans.impl.common.XBeanDebug - Resolving type for handle ctpatternfill7452type
14:35:32.488 [main] TRACE org.apache.xmlbeans.impl.common.XBeanDebug - Resolving type for handle stpatterntype7939type
14:35:32.511 [main] DEBUG org.apache.poi.openxml4j.opc.ZipPackage - Save content types part
14:35:32.514 [main] DEBUG org.apache.poi.openxml4j.opc.ZipPackage - Save package relationships
14:35:32.517 [main] DEBUG org.apache.poi.openxml4j.opc.ZipPackage - Save part 'docProps/app.xml'
14:35:32.518 [main] DEBUG org.apache.poi.openxml4j.opc.ZipPackage - Save part 'docProps/core.xml'
14:35:32.522 [main] DEBUG org.apache.poi.openxml4j.opc.ZipPackage - Save part 'xl/sharedStrings.xml'
14:35:32.523 [main] DEBUG org.apache.poi.openxml4j.opc.ZipPackage - Save part 'xl/styles.xml'
14:35:32.524 [main] DEBUG org.apache.poi.openxml4j.opc.ZipPackage - Save part 'xl/theme/theme1.xml'
14:35:32.526 [main] DEBUG org.apache.poi.openxml4j.opc.ZipPackage - Save part 'xl/workbook.xml'
14:35:32.530 [main] DEBUG org.apache.poi.openxml4j.opc.ZipPackage - Save part 'xl/worksheets/sheet1.xml'
14:35:32.549 [main] DEBUG org.apache.poi.openxml4j.opc.PackageRelationshipCollection - Parsing relationship: /xl/_rels/workbook.xml.rels
14:35:32.551 [main] DEBUG org.apache.poi.openxml4j.opc.PackageRelationshipCollection - Parsing relationship: /xl/worksheets/_rels/sheet1.xml.rels
14:35:32.553 [main] DEBUG org.apache.poi.openxml4j.opc.PackageRelationshipCollection - Parsing relationship: /_rels/.rels
14:35:32.611 [main] DEBUG org.apache.poi.openxml4j.opc.ZipPackage - Save content types part
14:35:32.614 [main] DEBUG org.apache.poi.openxml4j.opc.ZipPackage - Save package relationships
14:35:32.618 [main] DEBUG org.apache.poi.openxml4j.opc.ZipPackage - Save part 'docProps/app.xml'
14:35:32.618 [main] DEBUG org.apache.poi.openxml4j.opc.ZipPackage - Save part 'docProps/core.xml'
14:35:32.622 [main] DEBUG org.apache.poi.openxml4j.opc.ZipPackage - Save part 'xl/sharedStrings.xml'
14:35:32.623 [main] DEBUG org.apache.poi.openxml4j.opc.ZipPackage - Save part 'xl/styles.xml'
14:35:32.624 [main] DEBUG org.apache.poi.openxml4j.opc.ZipPackage - Save part 'xl/theme/theme1.xml'
14:35:32.626 [main] DEBUG org.apache.poi.openxml4j.opc.ZipPackage - Save part 'xl/workbook.xml'
14:35:32.630 [main] DEBUG org.apache.poi.openxml4j.opc.ZipPackage - Save part 'xl/worksheets/sheet1.xml'
15:39:23.493 [main] INFO  - Goto my account-->Click on Login.. 
15:41:38.970 [main] INFO  - Goto my account-->Click on Login.. 
15:41:39.153 [main] INFO  - Entering user name and password
15:41:39.153 [main] DEBUG - application logs.........
15:41:39.153 [main] INFO  - *** Starting test ****
15:41:39.603 [main] DEBUG - Parsing relationship: /xl/_rels/workbook.xml.rels
15:41:39.609 [main] DEBUG - Parsing relationship: /xl/worksheets/_rels/sheet1.xml.rels
15:41:39.610 [main] DEBUG - Parsing relationship: /_rels/.rels
15:41:40.111 [main] TRACE - Loading type system org.apache.poi.schemas.ooxml.system.ooxml
15:41:40.119 [main] TRACE - Loading type system org.apache.xmlbeans.metadata.system.sXMLCONFIG
15:41:40.120 [main] TRACE - Loading type system org.apache.xmlbeans.metadata.system.sXMLLANG
15:41:40.121 [main] TRACE - Loading type system org.apache.xmlbeans.metadata.system.sXMLSCHEMA
15:41:40.123 [main] TRACE - Loading type system org.apache.xmlbeans.metadata.system.sXMLTOOLS
15:41:40.127 [main] TRACE - Reading unresolved handles for type system org.apache.xmlbeans.metadata.system.sXMLTOOLS
15:41:40.168 [main] TRACE - Finished loading type system org.apache.xmlbeans.metadata.system.sXMLTOOLS
15:41:40.172 [main] TRACE - Reading unresolved handles for type system org.apache.xmlbeans.metadata.system.sXMLSCHEMA
15:41:40.184 [main] TRACE - Finished loading type system org.apache.xmlbeans.metadata.system.sXMLSCHEMA
15:41:40.191 [main] TRACE - Reading unresolved handles for type system org.apache.xmlbeans.metadata.system.sXMLLANG
15:41:40.194 [main] TRACE - Finished loading type system org.apache.xmlbeans.metadata.system.sXMLLANG
15:41:40.198 [main] TRACE - Reading unresolved handles for type system org.apache.xmlbeans.metadata.system.sXMLCONFIG
15:41:40.200 [main] TRACE - Finished loading type system org.apache.xmlbeans.metadata.system.sXMLCONFIG
15:41:40.204 [main] TRACE - Reading unresolved handles for type system org.apache.poi.schemas.ooxml.system.ooxml
15:41:40.300 [main] TRACE - Finished loading type system org.apache.poi.schemas.ooxml.system.ooxml
15:41:40.302 [main] TRACE - Resolving type for handle themefd26doctype
15:41:40.466 [main] TRACE - Resolving type for handle stylesheet5d8bdoctype
15:41:40.478 [main] TRACE - Resolving type for handle ctstylesheet4257type
15:41:40.492 [main] TRACE - Resolving type for handle ctfonts6623type
15:41:40.501 [main] TRACE - Resolving type for handle ctfont14d8type
15:41:40.516 [main] TRACE - Resolving type for handle ctfills2c6ftype
15:41:40.523 [main] TRACE - Resolving type for handle ctfill550ctype
15:41:40.528 [main] TRACE - Resolving type for handle ctborders0d66type
15:41:40.535 [main] TRACE - Resolving type for handle ctborderf935type
15:41:40.542 [main] TRACE - Resolving type for handle ctcellxfs1322type
15:41:40.552 [main] TRACE - Resolving type for handle ctxf97f7type
15:41:40.558 [main] TRACE - Resolving type for handle ctcellstylexfsa81ftype
15:41:40.565 [main] TRACE - Resolving type for handle ctdxfsb26atype
15:41:40.571 [main] TRACE - Resolving type for handle cttablestyles872ftype
15:41:40.583 [main] TRACE - Resolving type for handle sstf81fdoctype
15:41:40.595 [main] TRACE - Resolving type for handle ctsst44f3type
15:41:40.617 [main] TRACE - Resolving type for handle ctrsta472type
15:41:40.660 [main] TRACE - Resolving type for handle workbookec17doctype
15:41:40.671 [main] TRACE - Resolving type for handle ctworkbook83c3type
15:41:40.684 [main] TRACE - Resolving type for handle ctsheets49fdtype
15:41:40.693 [main] TRACE - Resolving type for handle ctsheet4dbetype
15:41:40.700 [main] TRACE - Resolving type for handle strelationshipid1e94type
15:41:40.709 [main] TRACE - Resolving type for handle worksheetf539doctype
15:41:40.722 [main] TRACE - Resolving type for handle ctworksheet530dtype
15:41:40.748 [main] TRACE - Resolving type for handle ctcols627ctype
15:41:40.762 [main] TRACE - Resolving type for handle ctcola95ftype
15:41:40.801 [main] TRACE - Resolving type for handle ctsheetdata8408type
15:41:40.809 [main] TRACE - Resolving type for handle ctrowdd39type
15:41:40.820 [main] TRACE - Resolving type for handle ctcell842btype
15:41:40.842 [main] TRACE - Resolving type for handle stcellrefe4e0type
15:41:40.854 [main] TRACE - Resolving type for handle cthyperlinks6416type
15:41:40.862 [main] TRACE - Resolving type for handle cthyperlink0c85type
15:41:40.881 [main] TRACE - Resolving type for handle stxstringf179type
16:17:30.440 [main] INFO  - Goto my account-->Click on Login.. 
16:17:30.461 [main] INFO  - Entering user name and password
16:17:30.461 [main] DEBUG - application logs.........
16:17:30.461 [main] INFO  - *** Starting test ****
16:17:30.838 [main] DEBUG - Parsing relationship: /xl/_rels/workbook.xml.rels
16:17:30.843 [main] DEBUG - Parsing relationship: /xl/worksheets/_rels/sheet1.xml.rels
16:17:30.845 [main] DEBUG - Parsing relationship: /_rels/.rels
16:17:31.266 [main] TRACE - Loading type system org.apache.poi.schemas.ooxml.system.ooxml
16:17:31.274 [main] TRACE - Loading type system org.apache.xmlbeans.metadata.system.sXMLCONFIG
16:17:31.275 [main] TRACE - Loading type system org.apache.xmlbeans.metadata.system.sXMLLANG
16:17:31.276 [main] TRACE - Loading type system org.apache.xmlbeans.metadata.system.sXMLSCHEMA
16:17:31.278 [main] TRACE - Loading type system org.apache.xmlbeans.metadata.system.sXMLTOOLS
16:17:31.282 [main] TRACE - Reading unresolved handles for type system org.apache.xmlbeans.metadata.system.sXMLTOOLS
16:17:31.315 [main] TRACE - Finished loading type system org.apache.xmlbeans.metadata.system.sXMLTOOLS
16:17:31.317 [main] TRACE - Reading unresolved handles for type system org.apache.xmlbeans.metadata.system.sXMLSCHEMA
16:17:31.324 [main] TRACE - Finished loading type system org.apache.xmlbeans.metadata.system.sXMLSCHEMA
16:17:31.327 [main] TRACE - Reading unresolved handles for type system org.apache.xmlbeans.metadata.system.sXMLLANG
16:17:31.329 [main] TRACE - Finished loading type system org.apache.xmlbeans.metadata.system.sXMLLANG
16:17:31.332 [main] TRACE - Reading unresolved handles for type system org.apache.xmlbeans.metadata.system.sXMLCONFIG
16:17:31.334 [main] TRACE - Finished loading type system org.apache.xmlbeans.metadata.system.sXMLCONFIG
16:17:31.337 [main] TRACE - Reading unresolved handles for type system org.apache.poi.schemas.ooxml.system.ooxml
16:17:31.427 [main] TRACE - Finished loading type system org.apache.poi.schemas.ooxml.system.ooxml
16:17:31.428 [main] TRACE - Resolving type for handle themefd26doctype
16:17:31.578 [main] TRACE - Resolving type for handle stylesheet5d8bdoctype
16:17:31.590 [main] TRACE - Resolving type for handle ctstylesheet4257type
16:17:31.603 [main] TRACE - Resolving type for handle ctfonts6623type
16:17:31.611 [main] TRACE - Resolving type for handle ctfont14d8type
16:17:31.624 [main] TRACE - Resolving type for handle ctfills2c6ftype
16:17:31.628 [main] TRACE - Resolving type for handle ctfill550ctype
16:17:31.633 [main] TRACE - Resolving type for handle ctborders0d66type
16:17:31.639 [main] TRACE - Resolving type for handle ctborderf935type
16:17:31.646 [main] TRACE - Resolving type for handle ctcellxfs1322type
16:17:31.656 [main] TRACE - Resolving type for handle ctxf97f7type
16:17:31.664 [main] TRACE - Resolving type for handle ctcellstylexfsa81ftype
16:17:31.671 [main] TRACE - Resolving type for handle ctdxfsb26atype
16:17:31.678 [main] TRACE - Resolving type for handle cttablestyles872ftype
16:17:31.688 [main] TRACE - Resolving type for handle sstf81fdoctype
16:17:31.697 [main] TRACE - Resolving type for handle ctsst44f3type
16:17:31.721 [main] TRACE - Resolving type for handle ctrsta472type
16:17:31.766 [main] TRACE - Resolving type for handle workbookec17doctype
16:17:31.775 [main] TRACE - Resolving type for handle ctworkbook83c3type
16:17:31.786 [main] TRACE - Resolving type for handle ctsheets49fdtype
16:17:31.793 [main] TRACE - Resolving type for handle ctsheet4dbetype
16:17:31.798 [main] TRACE - Resolving type for handle strelationshipid1e94type
16:17:31.804 [main] TRACE - Resolving type for handle worksheetf539doctype
16:17:31.812 [main] TRACE - Resolving type for handle ctworksheet530dtype
16:17:31.831 [main] TRACE - Resolving type for handle ctcols627ctype
16:17:31.840 [main] TRACE - Resolving type for handle ctcola95ftype
16:17:31.871 [main] TRACE - Resolving type for handle ctsheetdata8408type
16:17:31.879 [main] TRACE - Resolving type for handle ctrowdd39type
16:17:31.893 [main] TRACE - Resolving type for handle ctcell842btype
16:17:31.913 [main] TRACE - Resolving type for handle stcellrefe4e0type
16:17:31.925 [main] TRACE - Resolving type for handle cthyperlinks6416type
16:17:31.931 [main] TRACE - Resolving type for handle cthyperlink0c85type
16:17:31.947 [main] TRACE - Resolving type for handle stxstringf179type
16:43:39.464 [main] INFO  - Goto my account-->Click on Login.. 
16:49:49.394 [main] INFO  - Goto my account-->Click on Login.. 
16:49:49.623 [main] INFO  - Entering user name and password
16:49:49.623 [main] DEBUG - application logs.........
16:49:49.623 [main] INFO  - *** Starting test ****
16:49:50.058 [main] DEBUG - Parsing relationship: /xl/_rels/workbook.xml.rels
16:49:50.062 [main] DEBUG - Parsing relationship: /xl/worksheets/_rels/sheet1.xml.rels
16:49:50.064 [main] DEBUG - Parsing relationship: /_rels/.rels
16:49:50.562 [main] TRACE - Loading type system org.apache.poi.schemas.ooxml.system.ooxml
16:49:50.571 [main] TRACE - Loading type system org.apache.xmlbeans.metadata.system.sXMLCONFIG
16:49:50.572 [main] TRACE - Loading type system org.apache.xmlbeans.metadata.system.sXMLLANG
16:49:50.574 [main] TRACE - Loading type system org.apache.xmlbeans.metadata.system.sXMLSCHEMA
16:49:50.576 [main] TRACE - Loading type system org.apache.xmlbeans.metadata.system.sXMLTOOLS
16:49:50.581 [main] TRACE - Reading unresolved handles for type system org.apache.xmlbeans.metadata.system.sXMLTOOLS
16:49:50.622 [main] TRACE - Finished loading type system org.apache.xmlbeans.metadata.system.sXMLTOOLS
16:49:50.625 [main] TRACE - Reading unresolved handles for type system org.apache.xmlbeans.metadata.system.sXMLSCHEMA
16:49:50.634 [main] TRACE - Finished loading type system org.apache.xmlbeans.metadata.system.sXMLSCHEMA
16:49:50.638 [main] TRACE - Reading unresolved handles for type system org.apache.xmlbeans.metadata.system.sXMLLANG
16:49:50.640 [main] TRACE - Finished loading type system org.apache.xmlbeans.metadata.system.sXMLLANG
16:49:50.644 [main] TRACE - Reading unresolved handles for type system org.apache.xmlbeans.metadata.system.sXMLCONFIG
16:49:50.646 [main] TRACE - Finished loading type system org.apache.xmlbeans.metadata.system.sXMLCONFIG
16:49:50.650 [main] TRACE - Reading unresolved handles for type system org.apache.poi.schemas.ooxml.system.ooxml
16:49:50.765 [main] TRACE - Finished loading type system org.apache.poi.schemas.ooxml.system.ooxml
16:49:50.766 [main] TRACE - Resolving type for handle themefd26doctype
16:49:50.948 [main] TRACE - Resolving type for handle stylesheet5d8bdoctype
16:49:50.964 [main] TRACE - Resolving type for handle ctstylesheet4257type
16:49:50.975 [main] TRACE - Resolving type for handle ctfonts6623type
16:49:50.984 [main] TRACE - Resolving type for handle ctfont14d8type
16:49:50.998 [main] TRACE - Resolving type for handle ctfills2c6ftype
16:49:51.004 [main] TRACE - Resolving type for handle ctfill550ctype
16:49:51.010 [main] TRACE - Resolving type for handle ctborders0d66type
16:49:51.018 [main] TRACE - Resolving type for handle ctborderf935type
16:49:51.027 [main] TRACE - Resolving type for handle ctcellxfs1322type
16:49:51.035 [main] TRACE - Resolving type for handle ctxf97f7type
16:49:51.043 [main] TRACE - Resolving type for handle ctcellstylexfsa81ftype
16:49:51.049 [main] TRACE - Resolving type for handle ctdxfsb26atype
16:49:51.056 [main] TRACE - Resolving type for handle cttablestyles872ftype
16:49:51.068 [main] TRACE - Resolving type for handle sstf81fdoctype
16:49:51.077 [main] TRACE - Resolving type for handle ctsst44f3type
16:49:51.105 [main] TRACE - Resolving type for handle ctrsta472type
16:49:51.147 [main] TRACE - Resolving type for handle workbookec17doctype
16:49:51.159 [main] TRACE - Resolving type for handle ctworkbook83c3type
16:49:51.172 [main] TRACE - Resolving type for handle ctsheets49fdtype
16:49:51.179 [main] TRACE - Resolving type for handle ctsheet4dbetype
16:49:51.184 [main] TRACE - Resolving type for handle strelationshipid1e94type
16:49:51.191 [main] TRACE - Resolving type for handle worksheetf539doctype
16:49:51.200 [main] TRACE - Resolving type for handle ctworksheet530dtype
16:49:51.222 [main] TRACE - Resolving type for handle ctcols627ctype
16:49:51.236 [main] TRACE - Resolving type for handle ctcola95ftype
16:49:51.274 [main] TRACE - Resolving type for handle ctsheetdata8408type
16:49:51.283 [main] TRACE - Resolving type for handle ctrowdd39type
16:49:51.298 [main] TRACE - Resolving type for handle ctcell842btype
16:49:51.321 [main] TRACE - Resolving type for handle stcellrefe4e0type
16:49:51.336 [main] TRACE - Resolving type for handle cthyperlinks6416type
16:49:51.351 [main] TRACE - Resolving type for handle cthyperlink0c85type
16:49:51.371 [main] TRACE - Resolving type for handle stxstringf179type
16:49:51.395 [main] DEBUG - Parsing relationship: /xl/_rels/workbook.xml.rels
16:49:51.397 [main] DEBUG - Parsing relationship: /xl/worksheets/_rels/sheet1.xml.rels
16:49:51.399 [main] DEBUG - Parsing relationship: /_rels/.rels
16:49:51.453 [main] TRACE - Resolving type for handle stcelltypebf95type
